[debug] [2022-04-22T12:13:05.968Z] ----------------------------------------------------------------------
[debug] [2022-04-22T12:13:05.970Z] Command:       /usr/local/Cellar/node/12.6.0/bin/node /usr/local/bin/firebase deploy --only hosting:prod
[debug] [2022-04-22T12:13:05.970Z] CLI Version:   7.16.2
[debug] [2022-04-22T12:13:05.970Z] Platform:      darwin
[debug] [2022-04-22T12:13:05.970Z] Node Version:  v12.6.0
[debug] [2022-04-22T12:13:05.971Z] Time:          Fri Apr 22 2022 14:13:05 GMT+0200 (South Africa Standard Time)
[debug] [2022-04-22T12:13:05.971Z] ----------------------------------------------------------------------
[debug] [2022-04-22T12:13:05.971Z] 
[debug] [2022-04-22T12:13:05.980Z] > command requires scopes: ["email","openid","https://www.googleapis.com/auth/cloudplatformprojects.readonly","https://www.googleapis.com/auth/firebase","https://www.googleapis.com/auth/cloud-platform"]
[debug] [2022-04-22T12:13:05.980Z] > authorizing via signed-in user
[debug] [2022-04-22T12:13:05.980Z] [iam] checking project ijudi-d19bd for permissions ["firebase.projects.get","firebasehosting.sites.update"]
[debug] [2022-04-22T12:13:05.983Z] >>> HTTP REQUEST POST https://cloudresourcemanager.googleapis.com/v1/projects/ijudi-d19bd:testIamPermissions  

[debug] [2022-04-22T12:13:08.085Z] <<< HTTP RESPONSE 200
[debug] [2022-04-22T12:13:08.088Z] >>> HTTP REQUEST GET https://firebase.googleapis.com/v1beta1/projects/ijudi-d19bd  
 
[debug] [2022-04-22T12:13:09.429Z] <<< HTTP RESPONSE 200
[info] 
[info] === Deploying to 'ijudi-d19bd'...
[info] 
[info] i  deploying hosting
[debug] [2022-04-22T12:13:09.434Z] >>> HTTP REQUEST POST https://firebasehosting.googleapis.com/v1beta1/sites/pay-izinga/versions  

